<?xml version="1.0" encoding="UTF-8"?>
<!-- Generated by org.testng.reporters.JUnitReportReporter -->
<testsuite hostname="DESKTOP-OJD6TFS" name="com.shoaib.testng.TestNGParameterization" tests="1" failures="0" timestamp="15 Oct 2020 19:33:17 GMT" time="14.463" errors="0">
  <testcase name="yahooLoginTest" time="14.463" classname="com.shoaib.testng.TestNGParameterization"/>
</testsuite> <!-- com.shoaib.testng.TestNGParameterization -->
